debug: Mon, 13 Sep 2021 12:08:13 GMT
debug: Project: /Users/chandankrishnani/Downloads/abc jump
debug: Targets: editor,preview
debug: Incremental file seems great.
debug: Engine path: /Users/chandankrishnani/Documents/project/CocosCreator 2.app/Contents/Resources/resources/3d/engine
debug: Initializing target [Editor]
debug: Loading cache
debug: Loading cache costs 2.723563998937607ms.
debug: Engine features shipped in editor: base,gfx-webgl,gfx-webgl2,3d,2d,ui,particle,particle-2d,physics-framework,physics-2d-framework,intersection-2d,primitive,profiler,audio,video,terrain,webview,tween,tiled-map,spine,dragon-bones
debug: Initializing target [Preview]
debug: Loading cache
debug: Loading cache costs 2.483848001807928ms.
debug: Sync engine features: base,gfx-webgl,2d,ui,physics-2d-box2d,intersection-2d,profiler,particle-2d,audio,video,webview,tween,tiled-map,spine,dragon-bones
debug: Pulling asset-db.
debug: Fetch asset-db cost: 18.069266002625227ms.
debug: Build iteration starts.
Number of accumulated asset changes: 5
Feature changed: false
debug: Target(editor) build started.
debug: Detected change: cce:/internal/x/cc. Last mtime: Thu Jan 01 1970 05:30:08 GMT+0530 (India Standard Time), Current mtime: Thu Jan 01 1970 05:30:11 GMT+0530 (India Standard Time)
debug: Inspect cce:/internal/x/cc
debug: Resolve cce:/internal/x/cc-fu/base from cce:/internal/x/cc as external dependency cce:/internal/x/cc-fu/base.
debug: Resolve cce:/internal/x/cc-fu/gfx-webgl from cce:/internal/x/cc as external dependency cce:/internal/x/cc-fu/gfx-webgl.
debug: Resolve cce:/internal/x/cc-fu/gfx-webgl2 from cce:/internal/x/cc as external dependency cce:/internal/x/cc-fu/gfx-webgl2.
debug: Resolve cce:/internal/x/cc-fu/3d from cce:/internal/x/cc as external dependency cce:/internal/x/cc-fu/3d.
debug: Resolve cce:/internal/x/cc-fu/2d from cce:/internal/x/cc as external dependency cce:/internal/x/cc-fu/2d.
debug: Resolve cce:/internal/x/cc-fu/ui from cce:/internal/x/cc as external dependency cce:/internal/x/cc-fu/ui.
debug: Resolve cce:/internal/x/cc-fu/particle from cce:/internal/x/cc as external dependency cce:/internal/x/cc-fu/particle.
debug: Resolve cce:/internal/x/cc-fu/particle-2d from cce:/internal/x/cc as external dependency cce:/internal/x/cc-fu/particle-2d.
debug: Resolve cce:/internal/x/cc-fu/physics-framework from cce:/internal/x/cc as external dependency cce:/internal/x/cc-fu/physics-framework.
debug: Resolve cce:/internal/x/cc-fu/physics-2d-framework from cce:/internal/x/cc as external dependency cce:/internal/x/cc-fu/physics-2d-framework.
debug: Resolve cce:/internal/x/cc-fu/intersection-2d from cce:/internal/x/cc as external dependency cce:/internal/x/cc-fu/intersection-2d.
debug: Resolve cce:/internal/x/cc-fu/primitive from cce:/internal/x/cc as external dependency cce:/internal/x/cc-fu/primitive.
debug: Resolve cce:/internal/x/cc-fu/profiler from cce:/internal/x/cc as external dependency cce:/internal/x/cc-fu/profiler.
debug: Resolve cce:/internal/x/cc-fu/audio from cce:/internal/x/cc as external dependency cce:/internal/x/cc-fu/audio.
debug: Resolve cce:/internal/x/cc-fu/video from cce:/internal/x/cc as external dependency cce:/internal/x/cc-fu/video.
debug: Resolve cce:/internal/x/cc-fu/terrain from cce:/internal/x/cc as external dependency cce:/internal/x/cc-fu/terrain.
debug: Resolve cce:/internal/x/cc-fu/webview from cce:/internal/x/cc as external dependency cce:/internal/x/cc-fu/webview.
debug: Resolve cce:/internal/x/cc-fu/tween from cce:/internal/x/cc as external dependency cce:/internal/x/cc-fu/tween.
debug: Resolve cce:/internal/x/cc-fu/tiled-map from cce:/internal/x/cc as external dependency cce:/internal/x/cc-fu/tiled-map.
debug: Resolve cce:/internal/x/cc-fu/spine from cce:/internal/x/cc as external dependency cce:/internal/x/cc-fu/spine.
debug: Resolve cce:/internal/x/cc-fu/dragon-bones from cce:/internal/x/cc as external dependency cce:/internal/x/cc-fu/dragon-bones.
debug: Detected change: cce:/internal/x/prerequisite-imports. Last mtime: Thu Jan 01 1970 10:31:18 GMT+0530 (India Standard Time), Current mtime: Thu Jan 01 1970 05:30:22 GMT+0530 (India Standard Time)
debug: Inspect cce:/internal/x/prerequisite-imports
debug: Resolve file:///Users/chandankrishnani/Downloads/abc%20jump/assets/scripts/base.ts from cce:/internal/x/prerequisite-imports as file:///Users/chandankrishnani/Downloads/abc%20jump/assets/scripts/base.ts.
debug: Resolve file:///Users/chandankrishnani/Downloads/abc%20jump/assets/scripts/bg2.ts from cce:/internal/x/prerequisite-imports as file:///Users/chandankrishnani/Downloads/abc%20jump/assets/scripts/bg2.ts.
debug: Resolve file:///Users/chandankrishnani/Downloads/abc%20jump/assets/scripts/gameplay.ts from cce:/internal/x/prerequisite-imports as file:///Users/chandankrishnani/Downloads/abc%20jump/assets/scripts/gameplay.ts.
debug: Resolve file:///Users/chandankrishnani/Downloads/abc%20jump/assets/scripts/gameplay2.ts from cce:/internal/x/prerequisite-imports as file:///Users/chandankrishnani/Downloads/abc%20jump/assets/scripts/gameplay2.ts.
debug: Resolve file:///Users/chandankrishnani/Downloads/abc%20jump/assets/scripts/jump.ts from cce:/internal/x/prerequisite-imports as file:///Users/chandankrishnani/Downloads/abc%20jump/assets/scripts/jump.ts.
debug: Target(editor) ends with cost 139.17077399790287ms.
debug: Target(preview) build started.
debug: Detected change: cce:/internal/x/cc. Last mtime: Thu Jan 01 1970 05:30:08 GMT+0530 (India Standard Time), Current mtime: Thu Jan 01 1970 05:30:11 GMT+0530 (India Standard Time)
debug: Inspect cce:/internal/x/cc
debug: Resolve cce:/internal/x/cc-fu/base from cce:/internal/x/cc as external dependency cce:/internal/x/cc-fu/base.
debug: Resolve cce:/internal/x/cc-fu/gfx-webgl from cce:/internal/x/cc as external dependency cce:/internal/x/cc-fu/gfx-webgl.
debug: Resolve cce:/internal/x/cc-fu/2d from cce:/internal/x/cc as external dependency cce:/internal/x/cc-fu/2d.
debug: Resolve cce:/internal/x/cc-fu/ui from cce:/internal/x/cc as external dependency cce:/internal/x/cc-fu/ui.
debug: Resolve cce:/internal/x/cc-fu/physics-2d-box2d from cce:/internal/x/cc as external dependency cce:/internal/x/cc-fu/physics-2d-box2d.
debug: Resolve cce:/internal/x/cc-fu/physics-2d-framework from cce:/internal/x/cc as external dependency cce:/internal/x/cc-fu/physics-2d-framework.
debug: Resolve cce:/internal/x/cc-fu/intersection-2d from cce:/internal/x/cc as external dependency cce:/internal/x/cc-fu/intersection-2d.
debug: Resolve cce:/internal/x/cc-fu/profiler from cce:/internal/x/cc as external dependency cce:/internal/x/cc-fu/profiler.
debug: Resolve cce:/internal/x/cc-fu/particle-2d from cce:/internal/x/cc as external dependency cce:/internal/x/cc-fu/particle-2d.
debug: Resolve cce:/internal/x/cc-fu/audio from cce:/internal/x/cc as external dependency cce:/internal/x/cc-fu/audio.
debug: Resolve cce:/internal/x/cc-fu/video from cce:/internal/x/cc as external dependency cce:/internal/x/cc-fu/video.
debug: Resolve cce:/internal/x/cc-fu/webview from cce:/internal/x/cc as external dependency cce:/internal/x/cc-fu/webview.
debug: Resolve cce:/internal/x/cc-fu/tween from cce:/internal/x/cc as external dependency cce:/internal/x/cc-fu/tween.
debug: Resolve cce:/internal/x/cc-fu/tiled-map from cce:/internal/x/cc as external dependency cce:/internal/x/cc-fu/tiled-map.
debug: Resolve cce:/internal/x/cc-fu/spine from cce:/internal/x/cc as external dependency cce:/internal/x/cc-fu/spine.
debug: Resolve cce:/internal/x/cc-fu/dragon-bones from cce:/internal/x/cc as external dependency cce:/internal/x/cc-fu/dragon-bones.
debug: Detected change: cce:/internal/x/prerequisite-imports. Last mtime: Thu Jan 01 1970 10:31:19 GMT+0530 (India Standard Time), Current mtime: Thu Jan 01 1970 05:30:23 GMT+0530 (India Standard Time)
debug: Inspect cce:/internal/x/prerequisite-imports
debug: Resolve file:///Users/chandankrishnani/Downloads/abc%20jump/assets/scripts/bg2.ts from cce:/internal/x/prerequisite-imports as file:///Users/chandankrishnani/Downloads/abc%20jump/assets/scripts/bg2.ts.
debug: Resolve file:///Users/chandankrishnani/Downloads/abc%20jump/assets/scripts/base.ts from cce:/internal/x/prerequisite-imports as file:///Users/chandankrishnani/Downloads/abc%20jump/assets/scripts/base.ts.
debug: Resolve file:///Users/chandankrishnani/Downloads/abc%20jump/assets/scripts/gameplay.ts from cce:/internal/x/prerequisite-imports as file:///Users/chandankrishnani/Downloads/abc%20jump/assets/scripts/gameplay.ts.
debug: Resolve file:///Users/chandankrishnani/Downloads/abc%20jump/assets/scripts/jump.ts from cce:/internal/x/prerequisite-imports as file:///Users/chandankrishnani/Downloads/abc%20jump/assets/scripts/jump.ts.
debug: Resolve file:///Users/chandankrishnani/Downloads/abc%20jump/assets/scripts/gameplay2.ts from cce:/internal/x/prerequisite-imports as file:///Users/chandankrishnani/Downloads/abc%20jump/assets/scripts/gameplay2.ts.
debug: Target(preview) ends with cost 126.06355999782681ms.
